<?xml version="1.0" encoding="UTF-8"?>
<!-- Generated by org.testng.reporters.JUnitReportReporter -->
<testsuite skipped="2" hostname="Unicorn-PC" name="classTest.dependsOn" tests="5" failures="0" timestamp="04 Jun 2017 15:35:02 GMT" time="0.046" errors="0">
  <testcase name="skipTest" time="0.015" classname="classTest.dependsOn">
    <skipped/>
  </testcase> <!-- skipTest -->
  <testcase name="logOutTest" time="0.000" classname="classTest.dependsOn"/>
  <testcase name="changePasswordTest" time="0.015" classname="classTest.dependsOn"/>
  <testcase name="logInTest" time="0.016" classname="classTest.dependsOn"/>
  <testcase name="disableTest" classname="classTest.dependsOn">
    <skipped/>
  </testcase> <!-- disableTest -->
</testsuite> <!-- classTest.dependsOn -->
