<?xml version="1.0" encoding="UTF-8"?>
<!-- Generated by org.testng.reporters.JUnitReportReporter -->
<testsuite skipped="2" hostname="Unicorn-PC" name="classTest.annotationTest" tests="5" failures="0" timestamp="04 Jun 2017 15:52:17 GMT" time="0.034" errors="0">
  <testcase name="logInTest" time="0.016" classname="classTest.annotationTest"/>
  <testcase name="changePasswordTest" time="0.000" classname="classTest.annotationTest"/>
  <testcase name="logOutTest" time="0.000" classname="classTest.annotationTest"/>
  <testcase name="skipTest" time="0.018" classname="classTest.annotationTest">
    <skipped/>
  </testcase> <!-- skipTest -->
  <testcase name="disableTest" classname="classTest.annotationTest">
    <skipped/>
  </testcase> <!-- disableTest -->
</testsuite> <!-- classTest.annotationTest -->
