<?xml version="1.0" encoding="UTF-8"?>
<!-- Generated by org.testng.reporters.JUnitReportReporter -->
<testsuite skipped="0" hostname="Unicorn-PC" name="classTest.frameworkTest" tests="2" failures="0" timestamp="11 Jun 2017 15:21:23 GMT" time="1.897" errors="0">
  <testcase name="enterPassword" time="0.218" classname="classTest.frameworkTest"/>
  <testcase name="enterEmail" time="1.679" classname="classTest.frameworkTest"/>
</testsuite> <!-- classTest.frameworkTest -->
