<?xml version="1.0" encoding="UTF-8"?>
<!-- Generated by org.testng.reporters.JUnitReportReporter -->
<testsuite skipped="0" hostname="Unicorn-PC" name="facebooksignuptest.fbSignuptst" tests="2" failures="0" timestamp="28 May 2017 18:14:46 GMT" time="0.020" errors="0">
  <testcase name="fbFotterLinks" time="0.020" classname="facebooksignuptest.fbSignuptst"/>
  <testcase name="fbSignup" time="0.000" classname="facebooksignuptest.fbSignuptst"/>
</testsuite> <!-- facebooksignuptest.fbSignuptst -->
